<?xml version="1.0" encoding="UTF-8"?>
<testsuite xmlns:xsi="http://www.w3.org/2001/XMLSchema-instance" xsi:noNamespaceSchemaLocation="https://maven.apache.org/surefire/maven-surefire-plugin/xsd/surefire-test-report.xsd" name="highway407.TollRouteTest" time="0.067" tests="7" errors="0" skipped="0" failures="0">
  <properties>
[...]
</properties>
  <testcase name="testFindLocationByName" classname="highway407.TollRouteTest" time="0.005"/>
  <testcase name="test1" classname="highway407.TollRouteTest" time="0.017"/>
  <testcase name="test2" classname="highway407.TollRouteTest" time="0.004"/>
  <testcase name="test3" classname="highway407.TollRouteTest" time="0.004"/>
  <testcase name="testCostToTrip1" classname="highway407.TollRouteTest" time="0.003"/>
  <testcase name="testCostToTrip2" classname="highway407.TollRouteTest" time="0.004"/>
  <testcase name="testCostToTrip3" classname="highway407.TollRouteTest" time="0.002"/>
</testsuite>